<?xml version="1.0" encoding="UTF-8"?>
<testng-results ignored="0" total="3" passed="3" failed="0" skipped="0">
  <reporter-output>
  </reporter-output>
  <suite started-at="2022-05-19T09:43:10 IST" name="Suite" finished-at="2022-05-19T09:43:10 IST" duration-ms="668">
    <groups>
    </groups>
    <test started-at="2022-05-19T09:43:10 IST" name="sum" finished-at="2022-05-19T09:43:10 IST" duration-ms="107">
      <class name="parameter.sum">
        <test-method signature="add(int, int)[pri:0, instance:parameter.sum@51c668e3]" started-at="2022-05-19T09:43:10 IST" name="add" finished-at="2022-05-19T09:43:10 IST" duration-ms="36" status="PASS">
          <params>
            <param index="0">
              <value>
                <![CDATA[5]]>
              </value>
            </param>
            <param index="1">
              <value>
                <![CDATA[3]]>
              </value>
            </param>
          </params>
          <reporter-output>
          </reporter-output>
        </test-method> <!-- add -->
      </class> <!-- parameter.sum -->
    </test> <!-- sum -->
    <test started-at="2022-05-19T09:43:10 IST" name="subtract" finished-at="2022-05-19T09:43:10 IST" duration-ms="14">
      <class name="parameter.subtract">
        <test-method signature="add(int, int)[pri:0, instance:parameter.subtract@298a5e20]" started-at="2022-05-19T09:43:10 IST" name="add" finished-at="2022-05-19T09:43:10 IST" duration-ms="5" status="PASS">
          <params>
            <param index="0">
              <value>
                <![CDATA[5]]>
              </value>
            </param>
            <param index="1">
              <value>
                <![CDATA[3]]>
              </value>
            </param>
          </params>
          <reporter-output>
          </reporter-output>
        </test-method> <!-- add -->
      </class> <!-- parameter.subtract -->
    </test> <!-- subtract -->
    <test started-at="2022-05-19T09:43:10 IST" name="multiply" finished-at="2022-05-19T09:43:10 IST" duration-ms="12">
      <class name="parameter.multiply">
        <test-method signature="add(int, int)[pri:0, instance:parameter.multiply@7526515b]" started-at="2022-05-19T09:43:10 IST" name="add" finished-at="2022-05-19T09:43:10 IST" duration-ms="2" status="PASS">
          <params>
            <param index="0">
              <value>
                <![CDATA[5]]>
              </value>
            </param>
            <param index="1">
              <value>
                <![CDATA[3]]>
              </value>
            </param>
          </params>
          <reporter-output>
          </reporter-output>
        </test-method> <!-- add -->
      </class> <!-- parameter.multiply -->
    </test> <!-- multiply -->
  </suite> <!-- Suite -->
</testng-results>
